{"/Users/vishal/workplace/front-end/allTestReact/kanban-board-demo/kanban-board-new/kanban-board copy 2/src/App.js": {"path":"/Users/vishal/workplace/front-end/allTestReact/kanban-board-demo/kanban-board-new/kanban-board copy 2/src/App.js","statementMap":{"0":{"start":{"line":9,"column":2},"end":{"line":25,"column":4}}},"fnMap":{"0":{"name":"App","decl":{"start":{"line":8,"column":9},"end":{"line":8,"column":12}},"loc":{"start":{"line":8,"column":15},"end":{"line":26,"column":1}},"line":8}},"branchMap":{},"s":{"0":1},"f":{"0":1},"b":{},"_coverageSchema":"1a1c01bbd47fc00a2c39e90264f33305004495a9","hash":"56ae0d5f3ad97fab8b3952f69e27ac875ee77f11"}
,"/Users/vishal/workplace/front-end/allTestReact/kanban-board-demo/kanban-board-new/kanban-board copy 2/src/index.js": {"path":"/Users/vishal/workplace/front-end/allTestReact/kanban-board-demo/kanban-board-new/kanban-board copy 2/src/index.js","statementMap":{"0":{"start":{"line":7,"column":13},"end":{"line":7,"column":65}},"1":{"start":{"line":8,"column":0},"end":{"line":12,"column":2}},"2":{"start":{"line":17,"column":0},"end":{"line":17,"column":18}}},"fnMap":{},"branchMap":{},"s":{"0":0,"1":0,"2":0},"f":{},"b":{}}
,"/Users/vishal/workplace/front-end/allTestReact/kanban-board-demo/kanban-board-new/kanban-board copy 2/src/reportWebVitals.js": {"path":"/Users/vishal/workplace/front-end/allTestReact/kanban-board-demo/kanban-board-new/kanban-board copy 2/src/reportWebVitals.js","statementMap":{"0":{"start":{"line":1,"column":24},"end":{"line":11,"column":1}},"1":{"start":{"line":2,"column":2},"end":{"line":10,"column":3}},"2":{"start":{"line":3,"column":4},"end":{"line":9,"column":7}},"3":{"start":{"line":4,"column":6},"end":{"line":4,"column":26}},"4":{"start":{"line":5,"column":6},"end":{"line":5,"column":26}},"5":{"start":{"line":6,"column":6},"end":{"line":6,"column":26}},"6":{"start":{"line":7,"column":6},"end":{"line":7,"column":26}},"7":{"start":{"line":8,"column":6},"end":{"line":8,"column":27}}},"fnMap":{"0":{"name":"(anonymous_0)","decl":{"start":{"line":1,"column":24},"end":{"line":1,"column":25}},"loc":{"start":{"line":1,"column":39},"end":{"line":11,"column":1}},"line":1},"1":{"name":"(anonymous_1)","decl":{"start":{"line":3,"column":30},"end":{"line":3,"column":31}},"loc":{"start":{"line":3,"column":79},"end":{"line":9,"column":5}},"line":3}},"branchMap":{"0":{"loc":{"start":{"line":2,"column":2},"end":{"line":10,"column":3}},"type":"if","locations":[{"start":{"line":2,"column":2},"end":{"line":10,"column":3}},{"start":{},"end":{}}],"line":2},"1":{"loc":{"start":{"line":2,"column":6},"end":{"line":2,"column":52}},"type":"binary-expr","locations":[{"start":{"line":2,"column":6},"end":{"line":2,"column":17}},{"start":{"line":2,"column":21},"end":{"line":2,"column":52}}],"line":2}},"s":{"0":0,"1":0,"2":0,"3":0,"4":0,"5":0,"6":0,"7":0},"f":{"0":0,"1":0},"b":{"0":[0,0],"1":[0,0]}}
,"/Users/vishal/workplace/front-end/allTestReact/kanban-board-demo/kanban-board-new/kanban-board copy 2/src/Component/index.jsx": {"path":"/Users/vishal/workplace/front-end/allTestReact/kanban-board-demo/kanban-board-new/kanban-board copy 2/src/Component/index.jsx","statementMap":{},"fnMap":{},"branchMap":{},"s":{},"f":{},"b":{},"_coverageSchema":"1a1c01bbd47fc00a2c39e90264f33305004495a9","hash":"0f4406d0d30663115488f100493fd2cf68296956"}
,"/Users/vishal/workplace/front-end/allTestReact/kanban-board-demo/kanban-board-new/kanban-board copy 2/src/Component/CustomComponent/index.jsx": {"path":"/Users/vishal/workplace/front-end/allTestReact/kanban-board-demo/kanban-board-new/kanban-board copy 2/src/Component/CustomComponent/index.jsx","statementMap":{},"fnMap":{},"branchMap":{},"s":{},"f":{},"b":{},"_coverageSchema":"1a1c01bbd47fc00a2c39e90264f33305004495a9","hash":"13adaa149568a039035e5686976d86a3c6a1995b"}
,"/Users/vishal/workplace/front-end/allTestReact/kanban-board-demo/kanban-board-new/kanban-board copy 2/src/Component/CustomComponent/DraggableElement/Draggable.jsx": {"path":"/Users/vishal/workplace/front-end/allTestReact/kanban-board-demo/kanban-board-new/kanban-board copy 2/src/Component/CustomComponent/DraggableElement/Draggable.jsx","statementMap":{"0":{"start":{"line":12,"column":18},"end":{"line":26,"column":1}},"1":{"start":{"line":13,"column":59},"end":{"line":13,"column":79}},"2":{"start":{"line":15,"column":16},"end":{"line":15,"column":68}},"3":{"start":{"line":15,"column":30},"end":{"line":15,"column":54}},"4":{"start":{"line":17,"column":2},"end":{"line":25,"column":4}}},"fnMap":{"0":{"name":"(anonymous_0)","decl":{"start":{"line":12,"column":18},"end":{"line":12,"column":19}},"loc":{"start":{"line":12,"column":40},"end":{"line":26,"column":1}},"line":12},"1":{"name":"(anonymous_1)","decl":{"start":{"line":15,"column":24},"end":{"line":15,"column":25}},"loc":{"start":{"line":15,"column":30},"end":{"line":15,"column":54}},"line":15}},"branchMap":{},"s":{"0":5,"1":12,"2":12,"3":5,"4":12},"f":{"0":12,"1":5},"b":{},"_coverageSchema":"1a1c01bbd47fc00a2c39e90264f33305004495a9","hash":"4f79f5f337decdd89146facd217a6cf1098c9671"}
,"/Users/vishal/workplace/front-end/allTestReact/kanban-board-demo/kanban-board-new/kanban-board copy 2/src/Component/CustomComponent/DraggableElement/UserAction.jsx": {"path":"/Users/vishal/workplace/front-end/allTestReact/kanban-board-demo/kanban-board-new/kanban-board copy 2/src/Component/CustomComponent/DraggableElement/UserAction.jsx","statementMap":{"0":{"start":{"line":11,"column":20},"end":{"line":29,"column":1}},"1":{"start":{"line":12,"column":2},"end":{"line":28,"column":4}},"2":{"start":{"line":18,"column":24},"end":{"line":18,"column":44}},"3":{"start":{"line":25,"column":23},"end":{"line":25,"column":45}}},"fnMap":{"0":{"name":"(anonymous_0)","decl":{"start":{"line":11,"column":20},"end":{"line":11,"column":21}},"loc":{"start":{"line":11,"column":52},"end":{"line":29,"column":1}},"line":11},"1":{"name":"(anonymous_1)","decl":{"start":{"line":11,"column":38},"end":{"line":11,"column":39}},"loc":{"start":{"line":11,"column":44},"end":{"line":11,"column":46}},"line":11},"2":{"name":"(anonymous_2)","decl":{"start":{"line":18,"column":17},"end":{"line":18,"column":18}},"loc":{"start":{"line":18,"column":23},"end":{"line":18,"column":45}},"line":18},"3":{"name":"(anonymous_3)","decl":{"start":{"line":25,"column":17},"end":{"line":25,"column":18}},"loc":{"start":{"line":25,"column":23},"end":{"line":25,"column":45}},"line":25}},"branchMap":{"0":{"loc":{"start":{"line":11,"column":23},"end":{"line":11,"column":46}},"type":"default-arg","locations":[{"start":{"line":11,"column":38},"end":{"line":11,"column":46}}],"line":11}},"s":{"0":5,"1":14,"2":3,"3":5},"f":{"0":14,"1":2,"2":3,"3":5},"b":{"0":[1]},"_coverageSchema":"1a1c01bbd47fc00a2c39e90264f33305004495a9","hash":"0d3fd4716c5f95367b2d7e7d840bab733ba959b6"}
,"/Users/vishal/workplace/front-end/allTestReact/kanban-board-demo/kanban-board-new/kanban-board copy 2/src/Component/CustomComponent/DraggableElement/index.jsx": {"path":"/Users/vishal/workplace/front-end/allTestReact/kanban-board-demo/kanban-board-new/kanban-board copy 2/src/Component/CustomComponent/DraggableElement/index.jsx","statementMap":{"0":{"start":{"line":5,"column":17},"end":{"line":9,"column":1}},"1":{"start":{"line":18,"column":2},"end":{"line":56,"column":4}},"2":{"start":{"line":21,"column":8},"end":{"line":53,"column":10}}},"fnMap":{"0":{"name":"DraggableElement","decl":{"start":{"line":17,"column":10},"end":{"line":17,"column":26}},"loc":{"start":{"line":17,"column":79},"end":{"line":57,"column":1}},"line":17},"1":{"name":"(anonymous_1)","decl":{"start":{"line":20,"column":7},"end":{"line":20,"column":8}},"loc":{"start":{"line":20,"column":38},"end":{"line":54,"column":7}},"line":20}},"branchMap":{},"s":{"0":5,"1":12,"2":12},"f":{"0":12,"1":12},"b":{},"_coverageSchema":"1a1c01bbd47fc00a2c39e90264f33305004495a9","hash":"dde40bc7663eb25798f7665037413a12386ba852"}
,"/Users/vishal/workplace/front-end/allTestReact/kanban-board-demo/kanban-board-new/kanban-board copy 2/src/Component/CustomComponent/Droppable/index.jsx": {"path":"/Users/vishal/workplace/front-end/allTestReact/kanban-board-demo/kanban-board-new/kanban-board copy 2/src/Component/CustomComponent/Droppable/index.jsx","statementMap":{"0":{"start":{"line":12,"column":25},"end":{"line":25,"column":1}},"1":{"start":{"line":13,"column":33},"end":{"line":13,"column":53}},"2":{"start":{"line":15,"column":16},"end":{"line":18,"column":3}},"3":{"start":{"line":16,"column":11},"end":{"line":16,"column":30}},"4":{"start":{"line":20,"column":2},"end":{"line":24,"column":4}}},"fnMap":{"0":{"name":"(anonymous_0)","decl":{"start":{"line":12,"column":25},"end":{"line":12,"column":26}},"loc":{"start":{"line":12,"column":47},"end":{"line":25,"column":1}},"line":12},"1":{"name":"(anonymous_1)","decl":{"start":{"line":16,"column":4},"end":{"line":16,"column":5}},"loc":{"start":{"line":16,"column":11},"end":{"line":16,"column":30}},"line":16}},"branchMap":{},"s":{"0":5,"1":53,"2":53,"3":13,"4":53},"f":{"0":53,"1":13},"b":{},"_coverageSchema":"1a1c01bbd47fc00a2c39e90264f33305004495a9","hash":"edfd2d54a72cf7003924ad8e482bbfd1e98732f9"}
,"/Users/vishal/workplace/front-end/allTestReact/kanban-board-demo/kanban-board-new/kanban-board copy 2/src/Component/CustomComponent/Header/index.jsx": {"path":"/Users/vishal/workplace/front-end/allTestReact/kanban-board-demo/kanban-board-new/kanban-board copy 2/src/Component/CustomComponent/Header/index.jsx","statementMap":{"0":{"start":{"line":8,"column":15},"end":{"line":42,"column":1}},"1":{"start":{"line":9,"column":2},"end":{"line":41,"column":11}}},"fnMap":{"0":{"name":"(anonymous_0)","decl":{"start":{"line":8,"column":15},"end":{"line":8,"column":16}},"loc":{"start":{"line":9,"column":2},"end":{"line":41,"column":11}},"line":9}},"branchMap":{},"s":{"0":5,"1":1},"f":{"0":1},"b":{},"_coverageSchema":"1a1c01bbd47fc00a2c39e90264f33305004495a9","hash":"775578923be950892b7b6671041e4d1c1b303552"}
,"/Users/vishal/workplace/front-end/allTestReact/kanban-board-demo/kanban-board-new/kanban-board copy 2/src/Container/TaskDashboard.jsx": {"path":"/Users/vishal/workplace/front-end/allTestReact/kanban-board-demo/kanban-board-new/kanban-board copy 2/src/Container/TaskDashboard.jsx","statementMap":{"0":{"start":{"line":4,"column":22},"end":{"line":30,"column":1}},"1":{"start":{"line":5,"column":2},"end":{"line":29,"column":4}},"2":{"start":{"line":13,"column":12},"end":{"line":17,"column":14}},"3":{"start":{"line":14,"column":38},"end":{"line":14,"column":73}}},"fnMap":{"0":{"name":"(anonymous_0)","decl":{"start":{"line":4,"column":22},"end":{"line":4,"column":23}},"loc":{"start":{"line":4,"column":71},"end":{"line":30,"column":1}},"line":4},"1":{"name":"(anonymous_1)","decl":{"start":{"line":12,"column":23},"end":{"line":12,"column":24}},"loc":{"start":{"line":13,"column":12},"end":{"line":17,"column":14}},"line":13},"2":{"name":"(anonymous_2)","decl":{"start":{"line":14,"column":28},"end":{"line":14,"column":29}},"loc":{"start":{"line":14,"column":38},"end":{"line":14,"column":73}},"line":14}},"branchMap":{},"s":{"0":3,"1":53,"2":11,"3":3},"f":{"0":53,"1":11,"2":3},"b":{},"_coverageSchema":"1a1c01bbd47fc00a2c39e90264f33305004495a9","hash":"215300d18831fd255806c1532e081ea3fe74ecf4"}
,"/Users/vishal/workplace/front-end/allTestReact/kanban-board-demo/kanban-board-new/kanban-board copy 2/src/Container/TaskForm.jsx": {"path":"/Users/vishal/workplace/front-end/allTestReact/kanban-board-demo/kanban-board-new/kanban-board copy 2/src/Container/TaskForm.jsx","statementMap":{"0":{"start":{"line":4,"column":21},"end":{"line":9,"column":1}},"1":{"start":{"line":12,"column":28},"end":{"line":12,"column":50}},"2":{"start":{"line":14,"column":2},"end":{"line":16,"column":25}},"3":{"start":{"line":15,"column":4},"end":{"line":15,"column":50}},"4":{"start":{"line":15,"column":26},"end":{"line":15,"column":50}},"5":{"start":{"line":18,"column":23},"end":{"line":20,"column":3}},"6":{"start":{"line":19,"column":4},"end":{"line":19,"column":42}},"7":{"start":{"line":22,"column":22},"end":{"line":25,"column":3}},"8":{"start":{"line":23,"column":4},"end":{"line":23,"column":19}},"9":{"start":{"line":24,"column":4},"end":{"line":24,"column":27}},"10":{"start":{"line":27,"column":2},"end":{"line":125,"column":4}},"11":{"start":{"line":110,"column":12},"end":{"line":110,"column":38}},"12":{"start":{"line":111,"column":12},"end":{"line":111,"column":35}}},"fnMap":{"0":{"name":"TaskForm","decl":{"start":{"line":11,"column":9},"end":{"line":11,"column":17}},"loc":{"start":{"line":11,"column":25},"end":{"line":126,"column":1}},"line":11},"1":{"name":"(anonymous_1)","decl":{"start":{"line":14,"column":12},"end":{"line":14,"column":13}},"loc":{"start":{"line":14,"column":18},"end":{"line":16,"column":3}},"line":14},"2":{"name":"(anonymous_2)","decl":{"start":{"line":18,"column":23},"end":{"line":18,"column":24}},"loc":{"start":{"line":18,"column":56},"end":{"line":20,"column":3}},"line":18},"3":{"name":"(anonymous_3)","decl":{"start":{"line":22,"column":22},"end":{"line":22,"column":23}},"loc":{"start":{"line":22,"column":28},"end":{"line":25,"column":3}},"line":22},"4":{"name":"(anonymous_4)","decl":{"start":{"line":109,"column":19},"end":{"line":109,"column":20}},"loc":{"start":{"line":109,"column":25},"end":{"line":112,"column":11}},"line":109}},"branchMap":{"0":{"loc":{"start":{"line":15,"column":4},"end":{"line":15,"column":50}},"type":"if","locations":[{"start":{"line":15,"column":4},"end":{"line":15,"column":50}},{"start":{},"end":{}}],"line":15},"1":{"loc":{"start":{"line":37,"column":11},"end":{"line":37,"column":46}},"type":"cond-expr","locations":[{"start":{"line":37,"column":32},"end":{"line":37,"column":38}},{"start":{"line":37,"column":41},"end":{"line":37,"column":46}}],"line":37},"2":{"loc":{"start":{"line":114,"column":11},"end":{"line":114,"column":49}},"type":"cond-expr","locations":[{"start":{"line":114,"column":32},"end":{"line":114,"column":40}},{"start":{"line":114,"column":43},"end":{"line":114,"column":49}}],"line":114}},"s":{"0":3,"1":27,"2":27,"3":7,"4":2,"5":27,"6":8,"7":27,"8":1,"9":1,"10":27,"11":4,"12":4},"f":{"0":27,"1":7,"2":8,"3":1,"4":4},"b":{"0":[2,5],"1":[8,19],"2":[8,19]},"_coverageSchema":"1a1c01bbd47fc00a2c39e90264f33305004495a9","hash":"86e3d7a6c5616b9e35dd9aecb6fc5361e7054c7e"}
,"/Users/vishal/workplace/front-end/allTestReact/kanban-board-demo/kanban-board-new/kanban-board copy 2/src/Container/index.jsx": {"path":"/Users/vishal/workplace/front-end/allTestReact/kanban-board-demo/kanban-board-new/kanban-board copy 2/src/Container/index.jsx","statementMap":{"0":{"start":{"line":9,"column":26},"end":{"line":9,"column":38}},"1":{"start":{"line":10,"column":32},"end":{"line":10,"column":44}},"2":{"start":{"line":11,"column":36},"end":{"line":11,"column":57}},"3":{"start":{"line":13,"column":2},"end":{"line":15,"column":9}},"4":{"start":{"line":14,"column":4},"end":{"line":14,"column":47}},"5":{"start":{"line":17,"column":20},"end":{"line":22,"column":3}},"6":{"start":{"line":19,"column":6},"end":{"line":19,"column":58}},"7":{"start":{"line":24,"column":23},"end":{"line":41,"column":3}},"8":{"start":{"line":25,"column":18},"end":{"line":25,"column":56}},"9":{"start":{"line":25,"column":35},"end":{"line":25,"column":55}},"10":{"start":{"line":26,"column":4},"end":{"line":36,"column":5}},"11":{"start":{"line":27,"column":6},"end":{"line":27,"column":35}},"12":{"start":{"line":28,"column":6},"end":{"line":28,"column":47}},"13":{"start":{"line":29,"column":6},"end":{"line":29,"column":41}},"14":{"start":{"line":30,"column":6},"end":{"line":30,"column":37}},"15":{"start":{"line":32,"column":6},"end":{"line":35,"column":9}},"16":{"start":{"line":37,"column":4},"end":{"line":37,"column":23}},"17":{"start":{"line":38,"column":4},"end":{"line":38,"column":44}},"18":{"start":{"line":39,"column":4},"end":{"line":39,"column":13}},"19":{"start":{"line":40,"column":4},"end":{"line":40,"column":75}},"20":{"start":{"line":43,"column":23},"end":{"line":53,"column":3}},"21":{"start":{"line":44,"column":4},"end":{"line":50,"column":5}},"22":{"start":{"line":45,"column":23},"end":{"line":45,"column":58}},"23":{"start":{"line":45,"column":42},"end":{"line":45,"column":57}},"24":{"start":{"line":46,"column":6},"end":{"line":46,"column":24}},"25":{"start":{"line":47,"column":6},"end":{"line":47,"column":55}},"26":{"start":{"line":48,"column":6},"end":{"line":48,"column":50}},"27":{"start":{"line":49,"column":6},"end":{"line":49,"column":13}},"28":{"start":{"line":51,"column":4},"end":{"line":51,"column":20}},"29":{"start":{"line":52,"column":4},"end":{"line":52,"column":23}},"30":{"start":{"line":55,"column":17},"end":{"line":58,"column":3}},"31":{"start":{"line":56,"column":4},"end":{"line":56,"column":19}},"32":{"start":{"line":57,"column":4},"end":{"line":57,"column":24}},"33":{"start":{"line":60,"column":2},"end":{"line":100,"column":4}},"34":{"start":{"line":75,"column":29},"end":{"line":75,"column":47}},"35":{"start":{"line":87,"column":14},"end":{"line":94,"column":16}},"36":{"start":{"line":92,"column":25},"end":{"line":92,"column":55}}},"fnMap":{"0":{"name":"Container","decl":{"start":{"line":8,"column":24},"end":{"line":8,"column":33}},"loc":{"start":{"line":8,"column":36},"end":{"line":101,"column":1}},"line":8},"1":{"name":"(anonymous_1)","decl":{"start":{"line":13,"column":12},"end":{"line":13,"column":13}},"loc":{"start":{"line":13,"column":18},"end":{"line":15,"column":3}},"line":13},"2":{"name":"(anonymous_2)","decl":{"start":{"line":18,"column":4},"end":{"line":18,"column":5}},"loc":{"start":{"line":18,"column":26},"end":{"line":20,"column":5}},"line":18},"3":{"name":"(anonymous_3)","decl":{"start":{"line":24,"column":23},"end":{"line":24,"column":24}},"loc":{"start":{"line":24,"column":37},"end":{"line":41,"column":3}},"line":24},"4":{"name":"(anonymous_4)","decl":{"start":{"line":25,"column":28},"end":{"line":25,"column":29}},"loc":{"start":{"line":25,"column":35},"end":{"line":25,"column":55}},"line":25},"5":{"name":"(anonymous_5)","decl":{"start":{"line":43,"column":23},"end":{"line":43,"column":24}},"loc":{"start":{"line":43,"column":42},"end":{"line":53,"column":3}},"line":43},"6":{"name":"(anonymous_6)","decl":{"start":{"line":45,"column":35},"end":{"line":45,"column":36}},"loc":{"start":{"line":45,"column":42},"end":{"line":45,"column":57}},"line":45},"7":{"name":"(anonymous_7)","decl":{"start":{"line":55,"column":17},"end":{"line":55,"column":18}},"loc":{"start":{"line":55,"column":23},"end":{"line":58,"column":3}},"line":55},"8":{"name":"(anonymous_8)","decl":{"start":{"line":75,"column":23},"end":{"line":75,"column":24}},"loc":{"start":{"line":75,"column":29},"end":{"line":75,"column":47}},"line":75},"9":{"name":"(anonymous_9)","decl":{"start":{"line":86,"column":25},"end":{"line":86,"column":26}},"loc":{"start":{"line":87,"column":14},"end":{"line":94,"column":16}},"line":87},"10":{"name":"(anonymous_10)","decl":{"start":{"line":92,"column":18},"end":{"line":92,"column":19}},"loc":{"start":{"line":92,"column":25},"end":{"line":92,"column":55}},"line":92}},"branchMap":{"0":{"loc":{"start":{"line":26,"column":4},"end":{"line":36,"column":5}},"type":"if","locations":[{"start":{"line":26,"column":4},"end":{"line":36,"column":5}},{"start":{"line":31,"column":11},"end":{"line":36,"column":5}}],"line":26},"1":{"loc":{"start":{"line":34,"column":12},"end":{"line":34,"column":59}},"type":"cond-expr","locations":[{"start":{"line":34,"column":27},"end":{"line":34,"column":55}},{"start":{"line":34,"column":58},"end":{"line":34,"column":59}}],"line":34},"2":{"loc":{"start":{"line":40,"column":26},"end":{"line":40,"column":57}},"type":"cond-expr","locations":[{"start":{"line":40,"column":38},"end":{"line":40,"column":47}},{"start":{"line":40,"column":50},"end":{"line":40,"column":57}}],"line":40},"3":{"loc":{"start":{"line":44,"column":4},"end":{"line":50,"column":5}},"type":"if","locations":[{"start":{"line":44,"column":4},"end":{"line":50,"column":5}},{"start":{},"end":{}}],"line":44}},"s":{"0":13,"1":13,"2":13,"3":13,"4":3,"5":13,"6":0,"7":13,"8":3,"9":2,"10":3,"11":1,"12":1,"13":1,"14":1,"15":2,"16":3,"17":3,"18":3,"19":3,"20":13,"21":2,"22":1,"23":2,"24":1,"25":1,"26":1,"27":1,"28":1,"29":1,"30":13,"31":3,"32":3,"33":13,"34":2,"35":52,"36":40},"f":{"0":13,"1":3,"2":0,"3":3,"4":2,"5":2,"6":2,"7":3,"8":2,"9":52,"10":40},"b":{"0":[1,2],"1":[1,1],"2":[1,2],"3":[1,1]},"_coverageSchema":"1a1c01bbd47fc00a2c39e90264f33305004495a9","hash":"6cf3844bcedf76d4ea6b8c0fb5333ecc16e694f0"}
,"/Users/vishal/workplace/front-end/allTestReact/kanban-board-demo/kanban-board-new/kanban-board copy 2/src/Utils/index.js": {"path":"/Users/vishal/workplace/front-end/allTestReact/kanban-board-demo/kanban-board-new/kanban-board copy 2/src/Utils/index.js","statementMap":{"0":{"start":{"line":1,"column":23},"end":{"line":6,"column":1}},"1":{"start":{"line":8,"column":24},"end":{"line":14,"column":1}},"2":{"start":{"line":9,"column":2},"end":{"line":12,"column":3}},"3":{"start":{"line":10,"column":4},"end":{"line":10,"column":56}},"4":{"start":{"line":11,"column":4},"end":{"line":11,"column":11}},"5":{"start":{"line":13,"column":2},"end":{"line":13,"column":57}},"6":{"start":{"line":16,"column":27},"end":{"line":23,"column":1}},"7":{"start":{"line":17,"column":2},"end":{"line":21,"column":3}},"8":{"start":{"line":18,"column":4},"end":{"line":20,"column":6}},"9":{"start":{"line":22,"column":2},"end":{"line":22,"column":19}},"10":{"start":{"line":25,"column":25},"end":{"line":27,"column":2}},"11":{"start":{"line":25,"column":42},"end":{"line":27,"column":1}},"12":{"start":{"line":29,"column":37},"end":{"line":39,"column":1}},"13":{"start":{"line":30,"column":20},"end":{"line":30,"column":29}},"14":{"start":{"line":31,"column":19},"end":{"line":31,"column":28}},"15":{"start":{"line":32,"column":2},"end":{"line":38,"column":5}},"16":{"start":{"line":33,"column":4},"end":{"line":36,"column":5}},"17":{"start":{"line":34,"column":21},"end":{"line":34,"column":60}},"18":{"start":{"line":35,"column":6},"end":{"line":35,"column":32}},"19":{"start":{"line":37,"column":4},"end":{"line":37,"column":15}}},"fnMap":{"0":{"name":"(anonymous_0)","decl":{"start":{"line":8,"column":24},"end":{"line":8,"column":25}},"loc":{"start":{"line":8,"column":66},"end":{"line":14,"column":1}},"line":8},"1":{"name":"(anonymous_1)","decl":{"start":{"line":16,"column":27},"end":{"line":16,"column":28}},"loc":{"start":{"line":16,"column":46},"end":{"line":23,"column":1}},"line":16},"2":{"name":"(anonymous_2)","decl":{"start":{"line":25,"column":25},"end":{"line":25,"column":26}},"loc":{"start":{"line":25,"column":42},"end":{"line":27,"column":1}},"line":25},"3":{"name":"(anonymous_3)","decl":{"start":{"line":29,"column":37},"end":{"line":29,"column":38}},"loc":{"start":{"line":29,"column":65},"end":{"line":39,"column":1}},"line":29},"4":{"name":"(anonymous_4)","decl":{"start":{"line":32,"column":22},"end":{"line":32,"column":23}},"loc":{"start":{"line":32,"column":31},"end":{"line":38,"column":3}},"line":32}},"branchMap":{"0":{"loc":{"start":{"line":8,"column":25},"end":{"line":8,"column":61}},"type":"default-arg","locations":[{"start":{"line":8,"column":59},"end":{"line":8,"column":61}}],"line":8},"1":{"loc":{"start":{"line":8,"column":27},"end":{"line":8,"column":43}},"type":"default-arg","locations":[{"start":{"line":8,"column":37},"end":{"line":8,"column":43}}],"line":8},"2":{"loc":{"start":{"line":8,"column":45},"end":{"line":8,"column":54}},"type":"default-arg","locations":[{"start":{"line":8,"column":52},"end":{"line":8,"column":54}}],"line":8},"3":{"loc":{"start":{"line":9,"column":2},"end":{"line":12,"column":3}},"type":"if","locations":[{"start":{"line":9,"column":2},"end":{"line":12,"column":3}},{"start":{},"end":{}}],"line":9},"4":{"loc":{"start":{"line":13,"column":9},"end":{"line":13,"column":56}},"type":"binary-expr","locations":[{"start":{"line":13,"column":9},"end":{"line":13,"column":50}},{"start":{"line":13,"column":54},"end":{"line":13,"column":56}}],"line":13},"5":{"loc":{"start":{"line":17,"column":2},"end":{"line":21,"column":3}},"type":"if","locations":[{"start":{"line":17,"column":2},"end":{"line":21,"column":3}},{"start":{},"end":{}}],"line":17},"6":{"loc":{"start":{"line":26,"column":11},"end":{"line":26,"column":27}},"type":"cond-expr","locations":[{"start":{"line":26,"column":20},"end":{"line":26,"column":23}},{"start":{"line":26,"column":26},"end":{"line":26,"column":27}}],"line":26},"7":{"loc":{"start":{"line":33,"column":4},"end":{"line":36,"column":5}},"type":"if","locations":[{"start":{"line":33,"column":4},"end":{"line":36,"column":5}},{"start":{},"end":{}}],"line":33},"8":{"loc":{"start":{"line":34,"column":21},"end":{"line":34,"column":60}},"type":"cond-expr","locations":[{"start":{"line":34,"column":32},"end":{"line":34,"column":47}},{"start":{"line":34,"column":50},"end":{"line":34,"column":60}}],"line":34}},"s":{"0":6,"1":6,"2":11,"3":5,"4":5,"5":6,"6":6,"7":7,"8":1,"9":6,"10":6,"11":15,"12":6,"13":3,"14":3,"15":3,"16":3,"17":2,"18":2,"19":1},"f":{"0":11,"1":7,"2":15,"3":3,"4":3},"b":{"0":[1],"1":[2],"2":[6],"3":[5,6],"4":[6,4],"5":[1,6],"6":[1,14],"7":[2,1],"8":[1,1]},"_coverageSchema":"1a1c01bbd47fc00a2c39e90264f33305004495a9","hash":"45194d57d01979bc21bca9c86c88373532f7a9fb"}
}
