TN:
SF:src/App.js
FN:8,App
FNF:1
FNH:1
FNDA:1,App
DA:9,1
LF:1
LH:1
BRF:0
BRH:0
end_of_record
TN:
SF:src/index.js
FNF:0
FNH:0
DA:7,0
DA:8,0
DA:17,0
LF:3
LH:0
BRF:0
BRH:0
end_of_record
TN:
SF:src/reportWebVitals.js
FN:1,(anonymous_0)
FN:3,(anonymous_1)
FNF:2
FNH:0
FNDA:0,(anonymous_0)
FNDA:0,(anonymous_1)
DA:1,0
DA:2,0
DA:3,0
DA:4,0
DA:5,0
DA:6,0
DA:7,0
DA:8,0
LF:8
LH:0
BRDA:2,0,0,0
BRDA:2,0,1,0
BRDA:2,1,0,0
BRDA:2,1,1,0
BRF:4
BRH:0
end_of_record
TN:
SF:src/Component/index.jsx
FNF:0
FNH:0
LF:0
LH:0
BRF:0
BRH:0
end_of_record
TN:
SF:src/Component/CustomComponent/index.jsx
FNF:0
FNH:0
LF:0
LH:0
BRF:0
BRH:0
end_of_record
TN:
SF:src/Component/CustomComponent/DraggableElement/Draggable.jsx
FN:12,(anonymous_0)
FN:15,(anonymous_1)
FNF:2
FNH:2
FNDA:12,(anonymous_0)
FNDA:5,(anonymous_1)
DA:12,5
DA:13,12
DA:15,12
DA:17,12
LF:4
LH:4
BRF:0
BRH:0
end_of_record
TN:
SF:src/Component/CustomComponent/DraggableElement/UserAction.jsx
FN:11,(anonymous_0)
FN:11,(anonymous_1)
FN:18,(anonymous_2)
FN:25,(anonymous_3)
FNF:4
FNH:4
FNDA:14,(anonymous_0)
FNDA:2,(anonymous_1)
FNDA:3,(anonymous_2)
FNDA:5,(anonymous_3)
DA:11,5
DA:12,14
DA:18,3
DA:25,5
LF:4
LH:4
BRDA:11,0,0,1
BRF:1
BRH:1
end_of_record
TN:
SF:src/Component/CustomComponent/DraggableElement/index.jsx
FN:17,DraggableElement
FN:20,(anonymous_1)
FNF:2
FNH:2
FNDA:12,DraggableElement
FNDA:12,(anonymous_1)
DA:5,5
DA:18,12
DA:21,12
LF:3
LH:3
BRF:0
BRH:0
end_of_record
TN:
SF:src/Component/CustomComponent/Droppable/index.jsx
FN:12,(anonymous_0)
FN:16,(anonymous_1)
FNF:2
FNH:2
FNDA:53,(anonymous_0)
FNDA:13,(anonymous_1)
DA:12,5
DA:13,53
DA:15,53
DA:16,13
DA:20,53
LF:5
LH:5
BRF:0
BRH:0
end_of_record
TN:
SF:src/Component/CustomComponent/Header/index.jsx
FN:8,(anonymous_0)
FNF:1
FNH:1
FNDA:1,(anonymous_0)
DA:8,5
DA:9,1
LF:2
LH:2
BRF:0
BRH:0
end_of_record
TN:
SF:src/Container/TaskDashboard.jsx
FN:4,(anonymous_0)
FN:12,(anonymous_1)
FN:14,(anonymous_2)
FNF:3
FNH:3
FNDA:53,(anonymous_0)
FNDA:11,(anonymous_1)
FNDA:3,(anonymous_2)
DA:4,3
DA:5,53
DA:13,11
DA:14,3
LF:4
LH:4
BRF:0
BRH:0
end_of_record
TN:
SF:src/Container/TaskForm.jsx
FN:11,TaskForm
FN:14,(anonymous_1)
FN:18,(anonymous_2)
FN:22,(anonymous_3)
FN:109,(anonymous_4)
FNF:5
FNH:5
FNDA:27,TaskForm
FNDA:7,(anonymous_1)
FNDA:8,(anonymous_2)
FNDA:1,(anonymous_3)
FNDA:4,(anonymous_4)
DA:4,3
DA:12,27
DA:14,27
DA:15,7
DA:18,27
DA:19,8
DA:22,27
DA:23,1
DA:24,1
DA:27,27
DA:110,4
DA:111,4
LF:12
LH:12
BRDA:15,0,0,2
BRDA:15,0,1,5
BRDA:37,1,0,8
BRDA:37,1,1,19
BRDA:114,2,0,8
BRDA:114,2,1,19
BRF:6
BRH:6
end_of_record
TN:
SF:src/Container/index.jsx
FN:8,Container
FN:13,(anonymous_1)
FN:18,(anonymous_2)
FN:24,(anonymous_3)
FN:25,(anonymous_4)
FN:43,(anonymous_5)
FN:45,(anonymous_6)
FN:55,(anonymous_7)
FN:75,(anonymous_8)
FN:86,(anonymous_9)
FN:92,(anonymous_10)
FNF:11
FNH:10
FNDA:13,Container
FNDA:3,(anonymous_1)
FNDA:0,(anonymous_2)
FNDA:3,(anonymous_3)
FNDA:2,(anonymous_4)
FNDA:2,(anonymous_5)
FNDA:2,(anonymous_6)
FNDA:3,(anonymous_7)
FNDA:2,(anonymous_8)
FNDA:52,(anonymous_9)
FNDA:40,(anonymous_10)
DA:9,13
DA:10,13
DA:11,13
DA:13,13
DA:14,3
DA:17,13
DA:19,0
DA:24,13
DA:25,3
DA:26,3
DA:27,1
DA:28,1
DA:29,1
DA:30,1
DA:32,2
DA:37,3
DA:38,3
DA:39,3
DA:40,3
DA:43,13
DA:44,2
DA:45,2
DA:46,1
DA:47,1
DA:48,1
DA:49,1
DA:51,1
DA:52,1
DA:55,13
DA:56,3
DA:57,3
DA:60,13
DA:75,2
DA:87,52
DA:92,40
LF:35
LH:34
BRDA:26,0,0,1
BRDA:26,0,1,2
BRDA:34,1,0,1
BRDA:34,1,1,1
BRDA:40,2,0,1
BRDA:40,2,1,2
BRDA:44,3,0,1
BRDA:44,3,1,1
BRF:8
BRH:8
end_of_record
TN:
SF:src/Utils/index.js
FN:8,(anonymous_0)
FN:16,(anonymous_1)
FN:25,(anonymous_2)
FN:29,(anonymous_3)
FN:32,(anonymous_4)
FNF:5
FNH:5
FNDA:11,(anonymous_0)
FNDA:7,(anonymous_1)
FNDA:15,(anonymous_2)
FNDA:3,(anonymous_3)
FNDA:3,(anonymous_4)
DA:1,6
DA:8,6
DA:9,11
DA:10,5
DA:11,5
DA:13,6
DA:16,6
DA:17,7
DA:18,1
DA:22,6
DA:25,15
DA:29,6
DA:30,3
DA:31,3
DA:32,3
DA:33,3
DA:34,2
DA:35,2
DA:37,1
LF:19
LH:19
BRDA:8,0,0,1
BRDA:8,1,0,2
BRDA:8,2,0,6
BRDA:9,3,0,5
BRDA:9,3,1,6
BRDA:13,4,0,6
BRDA:13,4,1,4
BRDA:17,5,0,1
BRDA:17,5,1,6
BRDA:26,6,0,1
BRDA:26,6,1,14
BRDA:33,7,0,2
BRDA:33,7,1,1
BRDA:34,8,0,1
BRDA:34,8,1,1
BRF:15
BRH:15
end_of_record
